<?xml version="1.0" encoding="UTF-8"?>
<testng-results retried="4" ignored="0" total="5" passed="0" failed="1" skipped="0">
  <reporter-output>
  </reporter-output>
  <suite started-at="2023-04-13T15:32:33 IST" name="Suite" finished-at="2023-04-13T15:33:06 IST" duration-ms="32958">
    <groups>
    </groups>
    <test started-at="2023-04-13T15:32:33 IST" name="Testng" finished-at="2023-04-13T15:33:06 IST" duration-ms="32958">
      <class name="com.qa.nobero.cartTest.cartTest">
        <test-method is-config="true" signature="startserver()[pri:0, instance:com.qa.nobero.cartTest.cartTest@11392934]" started-at="2023-04-13T15:32:27 IST" name="startserver" finished-at="2023-04-13T15:32:33 IST" duration-ms="6134" status="PASS">
          <reporter-output>
          </reporter-output>
        </test-method> <!-- startserver -->
        <test-method is-config="true" signature="launchBrowser()[pri:0, instance:com.qa.nobero.cartTest.cartTest@11392934]" started-at="2023-04-13T15:32:34 IST" name="launchBrowser" finished-at="2023-04-13T15:32:54 IST" duration-ms="20847" status="PASS">
          <reporter-output>
          </reporter-output>
        </test-method> <!-- launchBrowser -->
        <test-method retried="true" signature="ToVerifyProductIsAddedToCartTest()[pri:0, instance:com.qa.nobero.cartTest.cartTest@11392934]" started-at="2023-04-13T15:32:54 IST" name="ToVerifyProductIsAddedToCartTest" finished-at="2023-04-13T15:33:01 IST" duration-ms="6605" status="SKIP">
          <exception class="org.openqa.selenium.ElementClickInterceptedException">
            <message>
              <![CDATA[element click intercepted: Element <article data-ga-view="" data-ga-view-info="Sort_View" class="flex items-center pl-3.5  hover:cursor-pointer lg:justify-center lg:py-2 lg:px-4 lg:rounded lg:border-[1px] lg:border-[#E8E9EA]" id="sort_button">...</article> is not clickable at point (281, 712). Other element would receive the click: <input type="submit" value="Apply" onclick="showLoader()" id="filter-submit" class="flex items-center justify-center w-40 h-10 py-2.5 px-4 text-white bg-[#242F66] rounded-[84px]">
  (Session info: chrome=112.0.5615.48)
Build info: version: '4.8.3', revision: 'e5e76298c3'
System info: os.name: 'Windows 10', os.arch: 'amd64', os.version: '10.0', java.version: '17.0.6'
Driver info: io.appium.java_client.android.AndroidDriver
Command: [5122fa7a-d85e-48f6-acd5-1bb044f241f3, clickElement {id=3fd4aec4-5eb5-45ca-a7e9-54d618dbb11f}]
Capabilities {appium:appActivity: com.google.android.apps.chr..., appium:appPackage: com.android.chrome, appium:automationName: uiautomator2, appium:chromedriverExecutable: C:\Users\Praveen B\Download..., appium:chromedriverExecutableDir: null/driver/.exe, appium:databaseEnabled: false, appium:desired: {automationName: uiautomator2, browserName: chrome, chromedriverExecutable: C:\Users\Praveen B\Download..., chromedriverExecutableDir: null/driver/.exe, deviceName: "Redmi Note 12", platformName: android, platformVersion: 12, udid: 509ead11022}, appium:deviceApiLevel: 31, appium:deviceManufacturer: Xiaomi, appium:deviceModel: 22111317I, appium:deviceName: 509ead11022, appium:deviceScreenDensity: 440, appium:deviceScreenSize: 1080x2400, appium:deviceUDID: 509ead11022, appium:javascriptEnabled: true, appium:locationContextEnabled: false, appium:networkConnectionEnabled: true, appium:pixelRatio: 2.75, appium:platformVersion: 12, appium:statBarHeight: 94, appium:takesScreenshot: true, appium:udid: 509ead11022, appium:viewportRect: {height: 2082, left: 0, top: 94, width: 1080}, appium:warnings: {}, appium:webStorageEnabled: false, browserName: chrome, platformName: ANDROID}
Element: [[AndroidDriver: chrome on ANDROID (5122fa7a-d85e-48f6-acd5-1bb044f241f3)] -> xpath: //article[@id='sort_button']]
Session ID: 5122fa7a-d85e-48f6-acd5-1bb044f241f3]]>
            </message>
            <full-stacktrace>
              <![CDATA[org.openqa.selenium.ElementClickInterceptedException: element click intercepted: Element <article data-ga-view="" data-ga-view-info="Sort_View" class="flex items-center pl-3.5  hover:cursor-pointer lg:justify-center lg:py-2 lg:px-4 lg:rounded lg:border-[1px] lg:border-[#E8E9EA]" id="sort_button">...</article> is not clickable at point (281, 712). Other element would receive the click: <input type="submit" value="Apply" onclick="showLoader()" id="filter-submit" class="flex items-center justify-center w-40 h-10 py-2.5 px-4 text-white bg-[#242F66] rounded-[84px]">
  (Session info: chrome=112.0.5615.48)
Build info: version: '4.8.3', revision: 'e5e76298c3'
System info: os.name: 'Windows 10', os.arch: 'amd64', os.version: '10.0', java.version: '17.0.6'
Driver info: io.appium.java_client.android.AndroidDriver
Command: [5122fa7a-d85e-48f6-acd5-1bb044f241f3, clickElement {id=3fd4aec4-5eb5-45ca-a7e9-54d618dbb11f}]
Capabilities {appium:appActivity: com.google.android.apps.chr..., appium:appPackage: com.android.chrome, appium:automationName: uiautomator2, appium:chromedriverExecutable: C:\Users\Praveen B\Download..., appium:chromedriverExecutableDir: null/driver/.exe, appium:databaseEnabled: false, appium:desired: {automationName: uiautomator2, browserName: chrome, chromedriverExecutable: C:\Users\Praveen B\Download..., chromedriverExecutableDir: null/driver/.exe, deviceName: "Redmi Note 12", platformName: android, platformVersion: 12, udid: 509ead11022}, appium:deviceApiLevel: 31, appium:deviceManufacturer: Xiaomi, appium:deviceModel: 22111317I, appium:deviceName: 509ead11022, appium:deviceScreenDensity: 440, appium:deviceScreenSize: 1080x2400, appium:deviceUDID: 509ead11022, appium:javascriptEnabled: true, appium:locationContextEnabled: false, appium:networkConnectionEnabled: true, appium:pixelRatio: 2.75, appium:platformVersion: 12, appium:statBarHeight: 94, appium:takesScreenshot: true, appium:udid: 509ead11022, appium:viewportRect: {height: 2082, left: 0, top: 94, width: 1080}, appium:warnings: {}, appium:webStorageEnabled: false, browserName: chrome, platformName: ANDROID}
Element: [[AndroidDriver: chrome on ANDROID (5122fa7a-d85e-48f6-acd5-1bb044f241f3)] -> xpath: //article[@id='sort_button']]
Session ID: 5122fa7a-d85e-48f6-acd5-1bb044f241f3
at java.base/jdk.internal.reflect.NativeConstructorAccessorImpl.newInstance0(Native Method)
at java.base/jdk.internal.reflect.NativeConstructorAccessorImpl.newInstance(NativeConstructorAccessorImpl.java:77)
at java.base/jdk.internal.reflect.DelegatingConstructorAccessorImpl.newInstance(DelegatingConstructorAccessorImpl.java:45)
at java.base/java.lang.reflect.Constructor.newInstanceWithCaller(Constructor.java:499)
at java.base/java.lang.reflect.Constructor.newInstance(Constructor.java:480)
at org.openqa.selenium.remote.codec.w3c.W3CHttpResponseCodec.createException(W3CHttpResponseCodec.java:200)
at org.openqa.selenium.remote.codec.w3c.W3CHttpResponseCodec.decode(W3CHttpResponseCodec.java:133)
at org.openqa.selenium.remote.codec.w3c.W3CHttpResponseCodec.decode(W3CHttpResponseCodec.java:53)
at org.openqa.selenium.remote.HttpCommandExecutor.execute(HttpCommandExecutor.java:193)
at io.appium.java_client.remote.AppiumCommandExecutor.execute(AppiumCommandExecutor.java:262)
at org.openqa.selenium.remote.RemoteWebDriver.execute(RemoteWebDriver.java:543)
at org.openqa.selenium.remote.RemoteWebElement.execute(RemoteWebElement.java:257)
at org.openqa.selenium.remote.RemoteWebElement.click(RemoteWebElement.java:78)
at java.base/jdk.internal.reflect.NativeMethodAccessorImpl.invoke0(Native Method)
at java.base/jdk.internal.reflect.NativeMethodAccessorImpl.invoke(NativeMethodAccessorImpl.java:77)
at java.base/jdk.internal.reflect.DelegatingMethodAccessorImpl.invoke(DelegatingMethodAccessorImpl.java:43)
at java.base/java.lang.reflect.Method.invoke(Method.java:568)
at org.openqa.selenium.support.pagefactory.internal.LocatingElementHandler.invoke(LocatingElementHandler.java:52)
at jdk.proxy2/jdk.proxy2.$Proxy19.click(Unknown Source)
at com.qa.nobero.cartTest.cartTest.ToVerifyProductIsAddedToCartTest(cartTest.java:36)
at java.base/jdk.internal.reflect.NativeMethodAccessorImpl.invoke0(Native Method)
at java.base/jdk.internal.reflect.NativeMethodAccessorImpl.invoke(NativeMethodAccessorImpl.java:77)
at java.base/jdk.internal.reflect.DelegatingMethodAccessorImpl.invoke(DelegatingMethodAccessorImpl.java:43)
at java.base/java.lang.reflect.Method.invoke(Method.java:568)
at org.testng.internal.invokers.MethodInvocationHelper.invokeMethod(MethodInvocationHelper.java:139)
at org.testng.internal.invokers.TestInvoker.invokeMethod(TestInvoker.java:677)
at org.testng.internal.invokers.TestInvoker.invokeTestMethod(TestInvoker.java:221)
at org.testng.internal.invokers.MethodRunner.runInSequence(MethodRunner.java:50)
at org.testng.internal.invokers.TestInvoker$MethodInvocationAgent.invoke(TestInvoker.java:969)
at org.testng.internal.invokers.TestInvoker.invokeTestMethods(TestInvoker.java:194)
at org.testng.internal.invokers.TestMethodWorker.invokeTestMethods(TestMethodWorker.java:148)
at org.testng.internal.invokers.TestMethodWorker.run(TestMethodWorker.java:128)
at java.base/java.util.ArrayList.forEach(ArrayList.java:1511)
at org.testng.TestRunner.privateRun(TestRunner.java:829)
at org.testng.TestRunner.run(TestRunner.java:602)
at org.testng.SuiteRunner.runTest(SuiteRunner.java:437)
at org.testng.SuiteRunner.runSequentially(SuiteRunner.java:431)
at org.testng.SuiteRunner.privateRun(SuiteRunner.java:391)
at org.testng.SuiteRunner.run(SuiteRunner.java:330)
at org.testng.SuiteRunnerWorker.runSuite(SuiteRunnerWorker.java:52)
at org.testng.SuiteRunnerWorker.run(SuiteRunnerWorker.java:95)
at org.testng.TestNG.runSuitesSequentially(TestNG.java:1256)
at org.testng.TestNG.runSuitesLocally(TestNG.java:1176)
at org.testng.TestNG.runSuites(TestNG.java:1099)
at org.testng.TestNG.run(TestNG.java:1067)
at org.testng.remote.AbstractRemoteTestNG.run(AbstractRemoteTestNG.java:115)
at org.testng.remote.RemoteTestNG.initAndRun(RemoteTestNG.java:251)
at org.testng.remote.RemoteTestNG.main(RemoteTestNG.java:77)
]]>
            </full-stacktrace>
          </exception> <!-- org.openqa.selenium.ElementClickInterceptedException -->
          <reporter-output>
          </reporter-output>
        </test-method> <!-- ToVerifyProductIsAddedToCartTest -->
        <test-method retried="true" signature="ToVerifyProductIsAddedToCartTest()[pri:0, instance:com.qa.nobero.cartTest.cartTest@11392934]" started-at="2023-04-13T15:33:01 IST" name="ToVerifyProductIsAddedToCartTest" finished-at="2023-04-13T15:33:02 IST" duration-ms="1158" status="SKIP">
          <exception class="org.openqa.selenium.ElementClickInterceptedException">
            <message>
              <![CDATA[element click intercepted: Element <svg width="18" height="16" viewBox="0 0 18 16" fill="none" xmlns="http://www.w3.org/2000/svg">...</svg> is not clickable at point (28, 59). Other element would receive the click: <div id="filter-dropdown-bg" class="z-50 fixed left-0 top-0 h-screen w-screen bg-[#141A38]/50 invisible" style="visibility: visible;"></div>
  (Session info: chrome=112.0.5615.48)
Build info: version: '4.8.3', revision: 'e5e76298c3'
System info: os.name: 'Windows 10', os.arch: 'amd64', os.version: '10.0', java.version: '17.0.6'
Driver info: io.appium.java_client.android.AndroidDriver
Command: [5122fa7a-d85e-48f6-acd5-1bb044f241f3, clickElement {id=217c3017-1d7f-46e1-ace5-ea27d452548d}]
Capabilities {appium:appActivity: com.google.android.apps.chr..., appium:appPackage: com.android.chrome, appium:automationName: uiautomator2, appium:chromedriverExecutable: C:\Users\Praveen B\Download..., appium:chromedriverExecutableDir: null/driver/.exe, appium:databaseEnabled: false, appium:desired: {automationName: uiautomator2, browserName: chrome, chromedriverExecutable: C:\Users\Praveen B\Download..., chromedriverExecutableDir: null/driver/.exe, deviceName: "Redmi Note 12", platformName: android, platformVersion: 12, udid: 509ead11022}, appium:deviceApiLevel: 31, appium:deviceManufacturer: Xiaomi, appium:deviceModel: 22111317I, appium:deviceName: 509ead11022, appium:deviceScreenDensity: 440, appium:deviceScreenSize: 1080x2400, appium:deviceUDID: 509ead11022, appium:javascriptEnabled: true, appium:locationContextEnabled: false, appium:networkConnectionEnabled: true, appium:pixelRatio: 2.75, appium:platformVersion: 12, appium:statBarHeight: 94, appium:takesScreenshot: true, appium:udid: 509ead11022, appium:viewportRect: {height: 2082, left: 0, top: 94, width: 1080}, appium:warnings: {}, appium:webStorageEnabled: false, browserName: chrome, platformName: ANDROID}
Element: [[AndroidDriver: chrome on ANDROID (5122fa7a-d85e-48f6-acd5-1bb044f241f3)] -> xpath: //*[local-name()='svg' and @viewBox='0 0 18 16']]
Session ID: 5122fa7a-d85e-48f6-acd5-1bb044f241f3]]>
            </message>
            <full-stacktrace>
              <![CDATA[org.openqa.selenium.ElementClickInterceptedException: element click intercepted: Element <svg width="18" height="16" viewBox="0 0 18 16" fill="none" xmlns="http://www.w3.org/2000/svg">...</svg> is not clickable at point (28, 59). Other element would receive the click: <div id="filter-dropdown-bg" class="z-50 fixed left-0 top-0 h-screen w-screen bg-[#141A38]/50 invisible" style="visibility: visible;"></div>
  (Session info: chrome=112.0.5615.48)
Build info: version: '4.8.3', revision: 'e5e76298c3'
System info: os.name: 'Windows 10', os.arch: 'amd64', os.version: '10.0', java.version: '17.0.6'
Driver info: io.appium.java_client.android.AndroidDriver
Command: [5122fa7a-d85e-48f6-acd5-1bb044f241f3, clickElement {id=217c3017-1d7f-46e1-ace5-ea27d452548d}]
Capabilities {appium:appActivity: com.google.android.apps.chr..., appium:appPackage: com.android.chrome, appium:automationName: uiautomator2, appium:chromedriverExecutable: C:\Users\Praveen B\Download..., appium:chromedriverExecutableDir: null/driver/.exe, appium:databaseEnabled: false, appium:desired: {automationName: uiautomator2, browserName: chrome, chromedriverExecutable: C:\Users\Praveen B\Download..., chromedriverExecutableDir: null/driver/.exe, deviceName: "Redmi Note 12", platformName: android, platformVersion: 12, udid: 509ead11022}, appium:deviceApiLevel: 31, appium:deviceManufacturer: Xiaomi, appium:deviceModel: 22111317I, appium:deviceName: 509ead11022, appium:deviceScreenDensity: 440, appium:deviceScreenSize: 1080x2400, appium:deviceUDID: 509ead11022, appium:javascriptEnabled: true, appium:locationContextEnabled: false, appium:networkConnectionEnabled: true, appium:pixelRatio: 2.75, appium:platformVersion: 12, appium:statBarHeight: 94, appium:takesScreenshot: true, appium:udid: 509ead11022, appium:viewportRect: {height: 2082, left: 0, top: 94, width: 1080}, appium:warnings: {}, appium:webStorageEnabled: false, browserName: chrome, platformName: ANDROID}
Element: [[AndroidDriver: chrome on ANDROID (5122fa7a-d85e-48f6-acd5-1bb044f241f3)] -> xpath: //*[local-name()='svg' and @viewBox='0 0 18 16']]
Session ID: 5122fa7a-d85e-48f6-acd5-1bb044f241f3
at java.base/jdk.internal.reflect.NativeConstructorAccessorImpl.newInstance0(Native Method)
at java.base/jdk.internal.reflect.NativeConstructorAccessorImpl.newInstance(NativeConstructorAccessorImpl.java:77)
at java.base/jdk.internal.reflect.DelegatingConstructorAccessorImpl.newInstance(DelegatingConstructorAccessorImpl.java:45)
at java.base/java.lang.reflect.Constructor.newInstanceWithCaller(Constructor.java:499)
at java.base/java.lang.reflect.Constructor.newInstance(Constructor.java:480)
at org.openqa.selenium.remote.codec.w3c.W3CHttpResponseCodec.createException(W3CHttpResponseCodec.java:200)
at org.openqa.selenium.remote.codec.w3c.W3CHttpResponseCodec.decode(W3CHttpResponseCodec.java:133)
at org.openqa.selenium.remote.codec.w3c.W3CHttpResponseCodec.decode(W3CHttpResponseCodec.java:53)
at org.openqa.selenium.remote.HttpCommandExecutor.execute(HttpCommandExecutor.java:193)
at io.appium.java_client.remote.AppiumCommandExecutor.execute(AppiumCommandExecutor.java:262)
at org.openqa.selenium.remote.RemoteWebDriver.execute(RemoteWebDriver.java:543)
at org.openqa.selenium.remote.RemoteWebElement.execute(RemoteWebElement.java:257)
at org.openqa.selenium.remote.RemoteWebElement.click(RemoteWebElement.java:78)
at java.base/jdk.internal.reflect.NativeMethodAccessorImpl.invoke0(Native Method)
at java.base/jdk.internal.reflect.NativeMethodAccessorImpl.invoke(NativeMethodAccessorImpl.java:77)
at java.base/jdk.internal.reflect.DelegatingMethodAccessorImpl.invoke(DelegatingMethodAccessorImpl.java:43)
at java.base/java.lang.reflect.Method.invoke(Method.java:568)
at org.openqa.selenium.support.pagefactory.internal.LocatingElementHandler.invoke(LocatingElementHandler.java:52)
at jdk.proxy2/jdk.proxy2.$Proxy19.click(Unknown Source)
at com.qa.nobero.cartTest.cartTest.ToVerifyProductIsAddedToCartTest(cartTest.java:18)
at java.base/jdk.internal.reflect.NativeMethodAccessorImpl.invoke0(Native Method)
at java.base/jdk.internal.reflect.NativeMethodAccessorImpl.invoke(NativeMethodAccessorImpl.java:77)
at java.base/jdk.internal.reflect.DelegatingMethodAccessorImpl.invoke(DelegatingMethodAccessorImpl.java:43)
at java.base/java.lang.reflect.Method.invoke(Method.java:568)
at org.testng.internal.invokers.MethodInvocationHelper.invokeMethod(MethodInvocationHelper.java:139)
at org.testng.internal.invokers.TestInvoker.invokeMethod(TestInvoker.java:677)
at org.testng.internal.invokers.TestInvoker.retryFailed(TestInvoker.java:263)
at org.testng.internal.invokers.MethodRunner.runInSequence(MethodRunner.java:62)
at org.testng.internal.invokers.TestInvoker$MethodInvocationAgent.invoke(TestInvoker.java:969)
at org.testng.internal.invokers.TestInvoker.invokeTestMethods(TestInvoker.java:194)
at org.testng.internal.invokers.TestMethodWorker.invokeTestMethods(TestMethodWorker.java:148)
at org.testng.internal.invokers.TestMethodWorker.run(TestMethodWorker.java:128)
at java.base/java.util.ArrayList.forEach(ArrayList.java:1511)
at org.testng.TestRunner.privateRun(TestRunner.java:829)
at org.testng.TestRunner.run(TestRunner.java:602)
at org.testng.SuiteRunner.runTest(SuiteRunner.java:437)
at org.testng.SuiteRunner.runSequentially(SuiteRunner.java:431)
at org.testng.SuiteRunner.privateRun(SuiteRunner.java:391)
at org.testng.SuiteRunner.run(SuiteRunner.java:330)
at org.testng.SuiteRunnerWorker.runSuite(SuiteRunnerWorker.java:52)
at org.testng.SuiteRunnerWorker.run(SuiteRunnerWorker.java:95)
at org.testng.TestNG.runSuitesSequentially(TestNG.java:1256)
at org.testng.TestNG.runSuitesLocally(TestNG.java:1176)
at org.testng.TestNG.runSuites(TestNG.java:1099)
at org.testng.TestNG.run(TestNG.java:1067)
at org.testng.remote.AbstractRemoteTestNG.run(AbstractRemoteTestNG.java:115)
at org.testng.remote.RemoteTestNG.initAndRun(RemoteTestNG.java:251)
at org.testng.remote.RemoteTestNG.main(RemoteTestNG.java:77)
]]>
            </full-stacktrace>
          </exception> <!-- org.openqa.selenium.ElementClickInterceptedException -->
          <reporter-output>
          </reporter-output>
        </test-method> <!-- ToVerifyProductIsAddedToCartTest -->
        <test-method retried="true" signature="ToVerifyProductIsAddedToCartTest()[pri:0, instance:com.qa.nobero.cartTest.cartTest@11392934]" started-at="2023-04-13T15:33:02 IST" name="ToVerifyProductIsAddedToCartTest" finished-at="2023-04-13T15:33:03 IST" duration-ms="1119" status="SKIP">
          <exception class="org.openqa.selenium.ElementClickInterceptedException">
            <message>
              <![CDATA[element click intercepted: Element <svg width="18" height="16" viewBox="0 0 18 16" fill="none" xmlns="http://www.w3.org/2000/svg">...</svg> is not clickable at point (28, 59). Other element would receive the click: <div id="filter-dropdown-bg" class="z-50 fixed left-0 top-0 h-screen w-screen bg-[#141A38]/50 invisible" style="visibility: visible;"></div>
  (Session info: chrome=112.0.5615.48)
Build info: version: '4.8.3', revision: 'e5e76298c3'
System info: os.name: 'Windows 10', os.arch: 'amd64', os.version: '10.0', java.version: '17.0.6'
Driver info: io.appium.java_client.android.AndroidDriver
Command: [5122fa7a-d85e-48f6-acd5-1bb044f241f3, clickElement {id=217c3017-1d7f-46e1-ace5-ea27d452548d}]
Capabilities {appium:appActivity: com.google.android.apps.chr..., appium:appPackage: com.android.chrome, appium:automationName: uiautomator2, appium:chromedriverExecutable: C:\Users\Praveen B\Download..., appium:chromedriverExecutableDir: null/driver/.exe, appium:databaseEnabled: false, appium:desired: {automationName: uiautomator2, browserName: chrome, chromedriverExecutable: C:\Users\Praveen B\Download..., chromedriverExecutableDir: null/driver/.exe, deviceName: "Redmi Note 12", platformName: android, platformVersion: 12, udid: 509ead11022}, appium:deviceApiLevel: 31, appium:deviceManufacturer: Xiaomi, appium:deviceModel: 22111317I, appium:deviceName: 509ead11022, appium:deviceScreenDensity: 440, appium:deviceScreenSize: 1080x2400, appium:deviceUDID: 509ead11022, appium:javascriptEnabled: true, appium:locationContextEnabled: false, appium:networkConnectionEnabled: true, appium:pixelRatio: 2.75, appium:platformVersion: 12, appium:statBarHeight: 94, appium:takesScreenshot: true, appium:udid: 509ead11022, appium:viewportRect: {height: 2082, left: 0, top: 94, width: 1080}, appium:warnings: {}, appium:webStorageEnabled: false, browserName: chrome, platformName: ANDROID}
Element: [[AndroidDriver: chrome on ANDROID (5122fa7a-d85e-48f6-acd5-1bb044f241f3)] -> xpath: //*[local-name()='svg' and @viewBox='0 0 18 16']]
Session ID: 5122fa7a-d85e-48f6-acd5-1bb044f241f3]]>
            </message>
            <full-stacktrace>
              <![CDATA[org.openqa.selenium.ElementClickInterceptedException: element click intercepted: Element <svg width="18" height="16" viewBox="0 0 18 16" fill="none" xmlns="http://www.w3.org/2000/svg">...</svg> is not clickable at point (28, 59). Other element would receive the click: <div id="filter-dropdown-bg" class="z-50 fixed left-0 top-0 h-screen w-screen bg-[#141A38]/50 invisible" style="visibility: visible;"></div>
  (Session info: chrome=112.0.5615.48)
Build info: version: '4.8.3', revision: 'e5e76298c3'
System info: os.name: 'Windows 10', os.arch: 'amd64', os.version: '10.0', java.version: '17.0.6'
Driver info: io.appium.java_client.android.AndroidDriver
Command: [5122fa7a-d85e-48f6-acd5-1bb044f241f3, clickElement {id=217c3017-1d7f-46e1-ace5-ea27d452548d}]
Capabilities {appium:appActivity: com.google.android.apps.chr..., appium:appPackage: com.android.chrome, appium:automationName: uiautomator2, appium:chromedriverExecutable: C:\Users\Praveen B\Download..., appium:chromedriverExecutableDir: null/driver/.exe, appium:databaseEnabled: false, appium:desired: {automationName: uiautomator2, browserName: chrome, chromedriverExecutable: C:\Users\Praveen B\Download..., chromedriverExecutableDir: null/driver/.exe, deviceName: "Redmi Note 12", platformName: android, platformVersion: 12, udid: 509ead11022}, appium:deviceApiLevel: 31, appium:deviceManufacturer: Xiaomi, appium:deviceModel: 22111317I, appium:deviceName: 509ead11022, appium:deviceScreenDensity: 440, appium:deviceScreenSize: 1080x2400, appium:deviceUDID: 509ead11022, appium:javascriptEnabled: true, appium:locationContextEnabled: false, appium:networkConnectionEnabled: true, appium:pixelRatio: 2.75, appium:platformVersion: 12, appium:statBarHeight: 94, appium:takesScreenshot: true, appium:udid: 509ead11022, appium:viewportRect: {height: 2082, left: 0, top: 94, width: 1080}, appium:warnings: {}, appium:webStorageEnabled: false, browserName: chrome, platformName: ANDROID}
Element: [[AndroidDriver: chrome on ANDROID (5122fa7a-d85e-48f6-acd5-1bb044f241f3)] -> xpath: //*[local-name()='svg' and @viewBox='0 0 18 16']]
Session ID: 5122fa7a-d85e-48f6-acd5-1bb044f241f3
at java.base/jdk.internal.reflect.NativeConstructorAccessorImpl.newInstance0(Native Method)
at java.base/jdk.internal.reflect.NativeConstructorAccessorImpl.newInstance(NativeConstructorAccessorImpl.java:77)
at java.base/jdk.internal.reflect.DelegatingConstructorAccessorImpl.newInstance(DelegatingConstructorAccessorImpl.java:45)
at java.base/java.lang.reflect.Constructor.newInstanceWithCaller(Constructor.java:499)
at java.base/java.lang.reflect.Constructor.newInstance(Constructor.java:480)
at org.openqa.selenium.remote.codec.w3c.W3CHttpResponseCodec.createException(W3CHttpResponseCodec.java:200)
at org.openqa.selenium.remote.codec.w3c.W3CHttpResponseCodec.decode(W3CHttpResponseCodec.java:133)
at org.openqa.selenium.remote.codec.w3c.W3CHttpResponseCodec.decode(W3CHttpResponseCodec.java:53)
at org.openqa.selenium.remote.HttpCommandExecutor.execute(HttpCommandExecutor.java:193)
at io.appium.java_client.remote.AppiumCommandExecutor.execute(AppiumCommandExecutor.java:262)
at org.openqa.selenium.remote.RemoteWebDriver.execute(RemoteWebDriver.java:543)
at org.openqa.selenium.remote.RemoteWebElement.execute(RemoteWebElement.java:257)
at org.openqa.selenium.remote.RemoteWebElement.click(RemoteWebElement.java:78)
at java.base/jdk.internal.reflect.NativeMethodAccessorImpl.invoke0(Native Method)
at java.base/jdk.internal.reflect.NativeMethodAccessorImpl.invoke(NativeMethodAccessorImpl.java:77)
at java.base/jdk.internal.reflect.DelegatingMethodAccessorImpl.invoke(DelegatingMethodAccessorImpl.java:43)
at java.base/java.lang.reflect.Method.invoke(Method.java:568)
at org.openqa.selenium.support.pagefactory.internal.LocatingElementHandler.invoke(LocatingElementHandler.java:52)
at jdk.proxy2/jdk.proxy2.$Proxy19.click(Unknown Source)
at com.qa.nobero.cartTest.cartTest.ToVerifyProductIsAddedToCartTest(cartTest.java:18)
at java.base/jdk.internal.reflect.NativeMethodAccessorImpl.invoke0(Native Method)
at java.base/jdk.internal.reflect.NativeMethodAccessorImpl.invoke(NativeMethodAccessorImpl.java:77)
at java.base/jdk.internal.reflect.DelegatingMethodAccessorImpl.invoke(DelegatingMethodAccessorImpl.java:43)
at java.base/java.lang.reflect.Method.invoke(Method.java:568)
at org.testng.internal.invokers.MethodInvocationHelper.invokeMethod(MethodInvocationHelper.java:139)
at org.testng.internal.invokers.TestInvoker.invokeMethod(TestInvoker.java:677)
at org.testng.internal.invokers.TestInvoker.retryFailed(TestInvoker.java:263)
at org.testng.internal.invokers.MethodRunner.runInSequence(MethodRunner.java:62)
at org.testng.internal.invokers.TestInvoker$MethodInvocationAgent.invoke(TestInvoker.java:969)
at org.testng.internal.invokers.TestInvoker.invokeTestMethods(TestInvoker.java:194)
at org.testng.internal.invokers.TestMethodWorker.invokeTestMethods(TestMethodWorker.java:148)
at org.testng.internal.invokers.TestMethodWorker.run(TestMethodWorker.java:128)
at java.base/java.util.ArrayList.forEach(ArrayList.java:1511)
at org.testng.TestRunner.privateRun(TestRunner.java:829)
at org.testng.TestRunner.run(TestRunner.java:602)
at org.testng.SuiteRunner.runTest(SuiteRunner.java:437)
at org.testng.SuiteRunner.runSequentially(SuiteRunner.java:431)
at org.testng.SuiteRunner.privateRun(SuiteRunner.java:391)
at org.testng.SuiteRunner.run(SuiteRunner.java:330)
at org.testng.SuiteRunnerWorker.runSuite(SuiteRunnerWorker.java:52)
at org.testng.SuiteRunnerWorker.run(SuiteRunnerWorker.java:95)
at org.testng.TestNG.runSuitesSequentially(TestNG.java:1256)
at org.testng.TestNG.runSuitesLocally(TestNG.java:1176)
at org.testng.TestNG.runSuites(TestNG.java:1099)
at org.testng.TestNG.run(TestNG.java:1067)
at org.testng.remote.AbstractRemoteTestNG.run(AbstractRemoteTestNG.java:115)
at org.testng.remote.RemoteTestNG.initAndRun(RemoteTestNG.java:251)
at org.testng.remote.RemoteTestNG.main(RemoteTestNG.java:77)
]]>
            </full-stacktrace>
          </exception> <!-- org.openqa.selenium.ElementClickInterceptedException -->
          <reporter-output>
          </reporter-output>
        </test-method> <!-- ToVerifyProductIsAddedToCartTest -->
        <test-method retried="true" signature="ToVerifyProductIsAddedToCartTest()[pri:0, instance:com.qa.nobero.cartTest.cartTest@11392934]" started-at="2023-04-13T15:33:03 IST" name="ToVerifyProductIsAddedToCartTest" finished-at="2023-04-13T15:33:04 IST" duration-ms="1147" status="SKIP">
          <exception class="org.openqa.selenium.ElementClickInterceptedException">
            <message>
              <![CDATA[element click intercepted: Element <svg width="18" height="16" viewBox="0 0 18 16" fill="none" xmlns="http://www.w3.org/2000/svg">...</svg> is not clickable at point (28, 59). Other element would receive the click: <div id="filter-dropdown-bg" class="z-50 fixed left-0 top-0 h-screen w-screen bg-[#141A38]/50 invisible" style="visibility: visible;"></div>
  (Session info: chrome=112.0.5615.48)
Build info: version: '4.8.3', revision: 'e5e76298c3'
System info: os.name: 'Windows 10', os.arch: 'amd64', os.version: '10.0', java.version: '17.0.6'
Driver info: io.appium.java_client.android.AndroidDriver
Command: [5122fa7a-d85e-48f6-acd5-1bb044f241f3, clickElement {id=217c3017-1d7f-46e1-ace5-ea27d452548d}]
Capabilities {appium:appActivity: com.google.android.apps.chr..., appium:appPackage: com.android.chrome, appium:automationName: uiautomator2, appium:chromedriverExecutable: C:\Users\Praveen B\Download..., appium:chromedriverExecutableDir: null/driver/.exe, appium:databaseEnabled: false, appium:desired: {automationName: uiautomator2, browserName: chrome, chromedriverExecutable: C:\Users\Praveen B\Download..., chromedriverExecutableDir: null/driver/.exe, deviceName: "Redmi Note 12", platformName: android, platformVersion: 12, udid: 509ead11022}, appium:deviceApiLevel: 31, appium:deviceManufacturer: Xiaomi, appium:deviceModel: 22111317I, appium:deviceName: 509ead11022, appium:deviceScreenDensity: 440, appium:deviceScreenSize: 1080x2400, appium:deviceUDID: 509ead11022, appium:javascriptEnabled: true, appium:locationContextEnabled: false, appium:networkConnectionEnabled: true, appium:pixelRatio: 2.75, appium:platformVersion: 12, appium:statBarHeight: 94, appium:takesScreenshot: true, appium:udid: 509ead11022, appium:viewportRect: {height: 2082, left: 0, top: 94, width: 1080}, appium:warnings: {}, appium:webStorageEnabled: false, browserName: chrome, platformName: ANDROID}
Element: [[AndroidDriver: chrome on ANDROID (5122fa7a-d85e-48f6-acd5-1bb044f241f3)] -> xpath: //*[local-name()='svg' and @viewBox='0 0 18 16']]
Session ID: 5122fa7a-d85e-48f6-acd5-1bb044f241f3]]>
            </message>
            <full-stacktrace>
              <![CDATA[org.openqa.selenium.ElementClickInterceptedException: element click intercepted: Element <svg width="18" height="16" viewBox="0 0 18 16" fill="none" xmlns="http://www.w3.org/2000/svg">...</svg> is not clickable at point (28, 59). Other element would receive the click: <div id="filter-dropdown-bg" class="z-50 fixed left-0 top-0 h-screen w-screen bg-[#141A38]/50 invisible" style="visibility: visible;"></div>
  (Session info: chrome=112.0.5615.48)
Build info: version: '4.8.3', revision: 'e5e76298c3'
System info: os.name: 'Windows 10', os.arch: 'amd64', os.version: '10.0', java.version: '17.0.6'
Driver info: io.appium.java_client.android.AndroidDriver
Command: [5122fa7a-d85e-48f6-acd5-1bb044f241f3, clickElement {id=217c3017-1d7f-46e1-ace5-ea27d452548d}]
Capabilities {appium:appActivity: com.google.android.apps.chr..., appium:appPackage: com.android.chrome, appium:automationName: uiautomator2, appium:chromedriverExecutable: C:\Users\Praveen B\Download..., appium:chromedriverExecutableDir: null/driver/.exe, appium:databaseEnabled: false, appium:desired: {automationName: uiautomator2, browserName: chrome, chromedriverExecutable: C:\Users\Praveen B\Download..., chromedriverExecutableDir: null/driver/.exe, deviceName: "Redmi Note 12", platformName: android, platformVersion: 12, udid: 509ead11022}, appium:deviceApiLevel: 31, appium:deviceManufacturer: Xiaomi, appium:deviceModel: 22111317I, appium:deviceName: 509ead11022, appium:deviceScreenDensity: 440, appium:deviceScreenSize: 1080x2400, appium:deviceUDID: 509ead11022, appium:javascriptEnabled: true, appium:locationContextEnabled: false, appium:networkConnectionEnabled: true, appium:pixelRatio: 2.75, appium:platformVersion: 12, appium:statBarHeight: 94, appium:takesScreenshot: true, appium:udid: 509ead11022, appium:viewportRect: {height: 2082, left: 0, top: 94, width: 1080}, appium:warnings: {}, appium:webStorageEnabled: false, browserName: chrome, platformName: ANDROID}
Element: [[AndroidDriver: chrome on ANDROID (5122fa7a-d85e-48f6-acd5-1bb044f241f3)] -> xpath: //*[local-name()='svg' and @viewBox='0 0 18 16']]
Session ID: 5122fa7a-d85e-48f6-acd5-1bb044f241f3
at java.base/jdk.internal.reflect.NativeConstructorAccessorImpl.newInstance0(Native Method)
at java.base/jdk.internal.reflect.NativeConstructorAccessorImpl.newInstance(NativeConstructorAccessorImpl.java:77)
at java.base/jdk.internal.reflect.DelegatingConstructorAccessorImpl.newInstance(DelegatingConstructorAccessorImpl.java:45)
at java.base/java.lang.reflect.Constructor.newInstanceWithCaller(Constructor.java:499)
at java.base/java.lang.reflect.Constructor.newInstance(Constructor.java:480)
at org.openqa.selenium.remote.codec.w3c.W3CHttpResponseCodec.createException(W3CHttpResponseCodec.java:200)
at org.openqa.selenium.remote.codec.w3c.W3CHttpResponseCodec.decode(W3CHttpResponseCodec.java:133)
at org.openqa.selenium.remote.codec.w3c.W3CHttpResponseCodec.decode(W3CHttpResponseCodec.java:53)
at org.openqa.selenium.remote.HttpCommandExecutor.execute(HttpCommandExecutor.java:193)
at io.appium.java_client.remote.AppiumCommandExecutor.execute(AppiumCommandExecutor.java:262)
at org.openqa.selenium.remote.RemoteWebDriver.execute(RemoteWebDriver.java:543)
at org.openqa.selenium.remote.RemoteWebElement.execute(RemoteWebElement.java:257)
at org.openqa.selenium.remote.RemoteWebElement.click(RemoteWebElement.java:78)
at java.base/jdk.internal.reflect.NativeMethodAccessorImpl.invoke0(Native Method)
at java.base/jdk.internal.reflect.NativeMethodAccessorImpl.invoke(NativeMethodAccessorImpl.java:77)
at java.base/jdk.internal.reflect.DelegatingMethodAccessorImpl.invoke(DelegatingMethodAccessorImpl.java:43)
at java.base/java.lang.reflect.Method.invoke(Method.java:568)
at org.openqa.selenium.support.pagefactory.internal.LocatingElementHandler.invoke(LocatingElementHandler.java:52)
at jdk.proxy2/jdk.proxy2.$Proxy19.click(Unknown Source)
at com.qa.nobero.cartTest.cartTest.ToVerifyProductIsAddedToCartTest(cartTest.java:18)
at java.base/jdk.internal.reflect.NativeMethodAccessorImpl.invoke0(Native Method)
at java.base/jdk.internal.reflect.NativeMethodAccessorImpl.invoke(NativeMethodAccessorImpl.java:77)
at java.base/jdk.internal.reflect.DelegatingMethodAccessorImpl.invoke(DelegatingMethodAccessorImpl.java:43)
at java.base/java.lang.reflect.Method.invoke(Method.java:568)
at org.testng.internal.invokers.MethodInvocationHelper.invokeMethod(MethodInvocationHelper.java:139)
at org.testng.internal.invokers.TestInvoker.invokeMethod(TestInvoker.java:677)
at org.testng.internal.invokers.TestInvoker.retryFailed(TestInvoker.java:263)
at org.testng.internal.invokers.MethodRunner.runInSequence(MethodRunner.java:62)
at org.testng.internal.invokers.TestInvoker$MethodInvocationAgent.invoke(TestInvoker.java:969)
at org.testng.internal.invokers.TestInvoker.invokeTestMethods(TestInvoker.java:194)
at org.testng.internal.invokers.TestMethodWorker.invokeTestMethods(TestMethodWorker.java:148)
at org.testng.internal.invokers.TestMethodWorker.run(TestMethodWorker.java:128)
at java.base/java.util.ArrayList.forEach(ArrayList.java:1511)
at org.testng.TestRunner.privateRun(TestRunner.java:829)
at org.testng.TestRunner.run(TestRunner.java:602)
at org.testng.SuiteRunner.runTest(SuiteRunner.java:437)
at org.testng.SuiteRunner.runSequentially(SuiteRunner.java:431)
at org.testng.SuiteRunner.privateRun(SuiteRunner.java:391)
at org.testng.SuiteRunner.run(SuiteRunner.java:330)
at org.testng.SuiteRunnerWorker.runSuite(SuiteRunnerWorker.java:52)
at org.testng.SuiteRunnerWorker.run(SuiteRunnerWorker.java:95)
at org.testng.TestNG.runSuitesSequentially(TestNG.java:1256)
at org.testng.TestNG.runSuitesLocally(TestNG.java:1176)
at org.testng.TestNG.runSuites(TestNG.java:1099)
at org.testng.TestNG.run(TestNG.java:1067)
at org.testng.remote.AbstractRemoteTestNG.run(AbstractRemoteTestNG.java:115)
at org.testng.remote.RemoteTestNG.initAndRun(RemoteTestNG.java:251)
at org.testng.remote.RemoteTestNG.main(RemoteTestNG.java:77)
]]>
            </full-stacktrace>
          </exception> <!-- org.openqa.selenium.ElementClickInterceptedException -->
          <reporter-output>
          </reporter-output>
        </test-method> <!-- ToVerifyProductIsAddedToCartTest -->
        <test-method signature="ToVerifyProductIsAddedToCartTest()[pri:0, instance:com.qa.nobero.cartTest.cartTest@11392934]" started-at="2023-04-13T15:33:04 IST" name="ToVerifyProductIsAddedToCartTest" finished-at="2023-04-13T15:33:06 IST" duration-ms="1203" status="FAIL">
          <exception class="org.openqa.selenium.ElementClickInterceptedException">
            <message>
              <![CDATA[element click intercepted: Element <svg width="18" height="16" viewBox="0 0 18 16" fill="none" xmlns="http://www.w3.org/2000/svg">...</svg> is not clickable at point (28, 59). Other element would receive the click: <div id="filter-dropdown-bg" class="z-50 fixed left-0 top-0 h-screen w-screen bg-[#141A38]/50 invisible" style="visibility: visible;"></div>
  (Session info: chrome=112.0.5615.48)
Build info: version: '4.8.3', revision: 'e5e76298c3'
System info: os.name: 'Windows 10', os.arch: 'amd64', os.version: '10.0', java.version: '17.0.6'
Driver info: io.appium.java_client.android.AndroidDriver
Command: [5122fa7a-d85e-48f6-acd5-1bb044f241f3, clickElement {id=217c3017-1d7f-46e1-ace5-ea27d452548d}]
Capabilities {appium:appActivity: com.google.android.apps.chr..., appium:appPackage: com.android.chrome, appium:automationName: uiautomator2, appium:chromedriverExecutable: C:\Users\Praveen B\Download..., appium:chromedriverExecutableDir: null/driver/.exe, appium:databaseEnabled: false, appium:desired: {automationName: uiautomator2, browserName: chrome, chromedriverExecutable: C:\Users\Praveen B\Download..., chromedriverExecutableDir: null/driver/.exe, deviceName: "Redmi Note 12", platformName: android, platformVersion: 12, udid: 509ead11022}, appium:deviceApiLevel: 31, appium:deviceManufacturer: Xiaomi, appium:deviceModel: 22111317I, appium:deviceName: 509ead11022, appium:deviceScreenDensity: 440, appium:deviceScreenSize: 1080x2400, appium:deviceUDID: 509ead11022, appium:javascriptEnabled: true, appium:locationContextEnabled: false, appium:networkConnectionEnabled: true, appium:pixelRatio: 2.75, appium:platformVersion: 12, appium:statBarHeight: 94, appium:takesScreenshot: true, appium:udid: 509ead11022, appium:viewportRect: {height: 2082, left: 0, top: 94, width: 1080}, appium:warnings: {}, appium:webStorageEnabled: false, browserName: chrome, platformName: ANDROID}
Element: [[AndroidDriver: chrome on ANDROID (5122fa7a-d85e-48f6-acd5-1bb044f241f3)] -> xpath: //*[local-name()='svg' and @viewBox='0 0 18 16']]
Session ID: 5122fa7a-d85e-48f6-acd5-1bb044f241f3]]>
            </message>
            <full-stacktrace>
              <![CDATA[org.openqa.selenium.ElementClickInterceptedException: element click intercepted: Element <svg width="18" height="16" viewBox="0 0 18 16" fill="none" xmlns="http://www.w3.org/2000/svg">...</svg> is not clickable at point (28, 59). Other element would receive the click: <div id="filter-dropdown-bg" class="z-50 fixed left-0 top-0 h-screen w-screen bg-[#141A38]/50 invisible" style="visibility: visible;"></div>
  (Session info: chrome=112.0.5615.48)
Build info: version: '4.8.3', revision: 'e5e76298c3'
System info: os.name: 'Windows 10', os.arch: 'amd64', os.version: '10.0', java.version: '17.0.6'
Driver info: io.appium.java_client.android.AndroidDriver
Command: [5122fa7a-d85e-48f6-acd5-1bb044f241f3, clickElement {id=217c3017-1d7f-46e1-ace5-ea27d452548d}]
Capabilities {appium:appActivity: com.google.android.apps.chr..., appium:appPackage: com.android.chrome, appium:automationName: uiautomator2, appium:chromedriverExecutable: C:\Users\Praveen B\Download..., appium:chromedriverExecutableDir: null/driver/.exe, appium:databaseEnabled: false, appium:desired: {automationName: uiautomator2, browserName: chrome, chromedriverExecutable: C:\Users\Praveen B\Download..., chromedriverExecutableDir: null/driver/.exe, deviceName: "Redmi Note 12", platformName: android, platformVersion: 12, udid: 509ead11022}, appium:deviceApiLevel: 31, appium:deviceManufacturer: Xiaomi, appium:deviceModel: 22111317I, appium:deviceName: 509ead11022, appium:deviceScreenDensity: 440, appium:deviceScreenSize: 1080x2400, appium:deviceUDID: 509ead11022, appium:javascriptEnabled: true, appium:locationContextEnabled: false, appium:networkConnectionEnabled: true, appium:pixelRatio: 2.75, appium:platformVersion: 12, appium:statBarHeight: 94, appium:takesScreenshot: true, appium:udid: 509ead11022, appium:viewportRect: {height: 2082, left: 0, top: 94, width: 1080}, appium:warnings: {}, appium:webStorageEnabled: false, browserName: chrome, platformName: ANDROID}
Element: [[AndroidDriver: chrome on ANDROID (5122fa7a-d85e-48f6-acd5-1bb044f241f3)] -> xpath: //*[local-name()='svg' and @viewBox='0 0 18 16']]
Session ID: 5122fa7a-d85e-48f6-acd5-1bb044f241f3
at java.base/jdk.internal.reflect.NativeConstructorAccessorImpl.newInstance0(Native Method)
at java.base/jdk.internal.reflect.NativeConstructorAccessorImpl.newInstance(NativeConstructorAccessorImpl.java:77)
at java.base/jdk.internal.reflect.DelegatingConstructorAccessorImpl.newInstance(DelegatingConstructorAccessorImpl.java:45)
at java.base/java.lang.reflect.Constructor.newInstanceWithCaller(Constructor.java:499)
at java.base/java.lang.reflect.Constructor.newInstance(Constructor.java:480)
at org.openqa.selenium.remote.codec.w3c.W3CHttpResponseCodec.createException(W3CHttpResponseCodec.java:200)
at org.openqa.selenium.remote.codec.w3c.W3CHttpResponseCodec.decode(W3CHttpResponseCodec.java:133)
at org.openqa.selenium.remote.codec.w3c.W3CHttpResponseCodec.decode(W3CHttpResponseCodec.java:53)
at org.openqa.selenium.remote.HttpCommandExecutor.execute(HttpCommandExecutor.java:193)
at io.appium.java_client.remote.AppiumCommandExecutor.execute(AppiumCommandExecutor.java:262)
at org.openqa.selenium.remote.RemoteWebDriver.execute(RemoteWebDriver.java:543)
at org.openqa.selenium.remote.RemoteWebElement.execute(RemoteWebElement.java:257)
at org.openqa.selenium.remote.RemoteWebElement.click(RemoteWebElement.java:78)
at java.base/jdk.internal.reflect.NativeMethodAccessorImpl.invoke0(Native Method)
at java.base/jdk.internal.reflect.NativeMethodAccessorImpl.invoke(NativeMethodAccessorImpl.java:77)
at java.base/jdk.internal.reflect.DelegatingMethodAccessorImpl.invoke(DelegatingMethodAccessorImpl.java:43)
at java.base/java.lang.reflect.Method.invoke(Method.java:568)
at org.openqa.selenium.support.pagefactory.internal.LocatingElementHandler.invoke(LocatingElementHandler.java:52)
at jdk.proxy2/jdk.proxy2.$Proxy19.click(Unknown Source)
at com.qa.nobero.cartTest.cartTest.ToVerifyProductIsAddedToCartTest(cartTest.java:18)
at java.base/jdk.internal.reflect.NativeMethodAccessorImpl.invoke0(Native Method)
at java.base/jdk.internal.reflect.NativeMethodAccessorImpl.invoke(NativeMethodAccessorImpl.java:77)
at java.base/jdk.internal.reflect.DelegatingMethodAccessorImpl.invoke(DelegatingMethodAccessorImpl.java:43)
at java.base/java.lang.reflect.Method.invoke(Method.java:568)
at org.testng.internal.invokers.MethodInvocationHelper.invokeMethod(MethodInvocationHelper.java:139)
at org.testng.internal.invokers.TestInvoker.invokeMethod(TestInvoker.java:677)
at org.testng.internal.invokers.TestInvoker.retryFailed(TestInvoker.java:263)
at org.testng.internal.invokers.MethodRunner.runInSequence(MethodRunner.java:62)
at org.testng.internal.invokers.TestInvoker$MethodInvocationAgent.invoke(TestInvoker.java:969)
at org.testng.internal.invokers.TestInvoker.invokeTestMethods(TestInvoker.java:194)
at org.testng.internal.invokers.TestMethodWorker.invokeTestMethods(TestMethodWorker.java:148)
at org.testng.internal.invokers.TestMethodWorker.run(TestMethodWorker.java:128)
at java.base/java.util.ArrayList.forEach(ArrayList.java:1511)
at org.testng.TestRunner.privateRun(TestRunner.java:829)
at org.testng.TestRunner.run(TestRunner.java:602)
at org.testng.SuiteRunner.runTest(SuiteRunner.java:437)
at org.testng.SuiteRunner.runSequentially(SuiteRunner.java:431)
at org.testng.SuiteRunner.privateRun(SuiteRunner.java:391)
at org.testng.SuiteRunner.run(SuiteRunner.java:330)
at org.testng.SuiteRunnerWorker.runSuite(SuiteRunnerWorker.java:52)
at org.testng.SuiteRunnerWorker.run(SuiteRunnerWorker.java:95)
at org.testng.TestNG.runSuitesSequentially(TestNG.java:1256)
at org.testng.TestNG.runSuitesLocally(TestNG.java:1176)
at org.testng.TestNG.runSuites(TestNG.java:1099)
at org.testng.TestNG.run(TestNG.java:1067)
at org.testng.remote.AbstractRemoteTestNG.run(AbstractRemoteTestNG.java:115)
at org.testng.remote.RemoteTestNG.initAndRun(RemoteTestNG.java:251)
at org.testng.remote.RemoteTestNG.main(RemoteTestNG.java:77)
]]>
            </full-stacktrace>
          </exception> <!-- org.openqa.selenium.ElementClickInterceptedException -->
          <reporter-output>
          </reporter-output>
        </test-method> <!-- ToVerifyProductIsAddedToCartTest -->
        <test-method is-config="true" signature="stopServer()[pri:0, instance:com.qa.nobero.cartTest.cartTest@11392934]" started-at="2023-04-13T15:33:07 IST" name="stopServer" finished-at="2023-04-13T15:33:07 IST" duration-ms="61" status="PASS">
          <reporter-output>
          </reporter-output>
        </test-method> <!-- stopServer -->
      </class> <!-- com.qa.nobero.cartTest.cartTest -->
    </test> <!-- Testng -->
  </suite> <!-- Suite -->
</testng-results>
