<?xml version="1.0" encoding="UTF-8"?>
<!-- Generated by org.testng.reporters.JUnitXMLReporter -->
<testsuite ignored="15" hostname="TYSS-Praveen" failures="0" tests="1" name="Default test" time="32.619" errors="0" timestamp="10 May 2023 15:54:43 GMT">
  <testcase classname="com.qa.nobero.cartTest.cartTest" name="ToVerifyThatProductRemoveFeatureIsEnabledInCartPage" time="20.138"/>
  <testcase classname="com.qa.nobero.cartTest.cartTest" name="ToVerifyThatProductIsIncrementedinCartPage" time="0.0">
    <ignored/>
  </testcase> <!-- ToVerifyThatProductIsIncrementedinCartPage -->
  <testcase classname="com.qa.nobero.cartTest.cartTest" name="ToVerifyProductSalesCountisEnabledInCartpage" time="0.0">
    <ignored/>
  </testcase> <!-- ToVerifyProductSalesCountisEnabledInCartpage -->
  <testcase classname="com.qa.nobero.cartTest.cartTest" name="ToVerifyThatProductIsDecrementeInCartPage" time="0.0">
    <ignored/>
  </testcase> <!-- ToVerifyThatProductIsDecrementeInCartPage -->
  <testcase classname="com.qa.nobero.cartTest.cartTest" name="ToVerifySortByNewArrivalTest" time="0.0">
    <ignored/>
  </testcase> <!-- ToVerifySortByNewArrivalTest -->
  <testcase classname="com.qa.nobero.cartTest.cartTest" name="ToVerifySortByFeaturedTest" time="0.0">
    <ignored/>
  </testcase> <!-- ToVerifySortByFeaturedTest -->
  <testcase classname="com.qa.nobero.cartTest.cartTest" name="ToVerifyApplyFilterforAvailabilityTest" time="0.0">
    <ignored/>
  </testcase> <!-- ToVerifyApplyFilterforAvailabilityTest -->
  <testcase classname="com.qa.nobero.cartTest.cartTest" name="ToVerifyProductIsAddedToCartTest" time="0.0">
    <ignored/>
  </testcase> <!-- ToVerifyProductIsAddedToCartTest -->
  <testcase classname="com.qa.nobero.cartTest.cartTest" name="ToVerifySortByBestSellingTest" time="0.0">
    <ignored/>
  </testcase> <!-- ToVerifySortByBestSellingTest -->
  <testcase classname="com.qa.nobero.cartTest.cartTest" name="ToVerifyApplyFilterforColorTest" time="0.0">
    <ignored/>
  </testcase> <!-- ToVerifyApplyFilterforColorTest -->
  <testcase classname="com.qa.nobero.cartTest.cartTest" name="ToVerifySortByPriceLowToHighTest" time="0.0">
    <ignored/>
  </testcase> <!-- ToVerifySortByPriceLowToHighTest -->
  <testcase classname="com.qa.nobero.cartTest.cartTest" name="ToVerifyApplyFilterforSizeTest" time="0.0">
    <ignored/>
  </testcase> <!-- ToVerifyApplyFilterforSizeTest -->
  <testcase classname="com.qa.nobero.cartTest.cartTest" name="ToVerifyApplyFilterforPriceTest" time="0.0">
    <ignored/>
  </testcase> <!-- ToVerifyApplyFilterforPriceTest -->
  <testcase classname="com.qa.nobero.cartTest.cartTest" name="ToVerifyProductIsAddedToCartAfterSearchTest" time="0.0">
    <ignored/>
  </testcase> <!-- ToVerifyProductIsAddedToCartAfterSearchTest -->
  <testcase classname="com.qa.nobero.cartTest.cartTest" name="ToVerifySortByPriceHighToLowTest" time="0.0">
    <ignored/>
  </testcase> <!-- ToVerifySortByPriceHighToLowTest -->
  <testcase classname="com.qa.nobero.cartTest.cartTest" name="ToVerifyTotalCartSummary" time="0.0">
    <ignored/>
  </testcase> <!-- ToVerifyTotalCartSummary -->
</testsuite> <!-- Default test -->
