<?xml version="1.0" encoding="UTF-8"?>
<!-- Generated by org.testng.reporters.JUnitXMLReporter -->
<testsuite ignored="0" hostname="TYSS-Praveen" failures="1" tests="5" name="Testng" time="51.912" errors="0" timestamp="2023-04-19T12:15:42 IST">
  <testcase classname="com.qa.nobero.cartTest.cartTest" name="ToVerifyProductIsAddedToCartTest" time="6.166">
    <skipped/>
  </testcase> <!-- ToVerifyProductIsAddedToCartTest -->
  <testcase classname="com.qa.nobero.cartTest.cartTest" name="ToVerifyProductIsAddedToCartTest" time="1.246">
    <skipped/>
  </testcase> <!-- ToVerifyProductIsAddedToCartTest -->
  <testcase classname="com.qa.nobero.cartTest.cartTest" name="ToVerifyProductIsAddedToCartTest" time="1.197">
    <skipped/>
  </testcase> <!-- ToVerifyProductIsAddedToCartTest -->
  <testcase classname="com.qa.nobero.cartTest.cartTest" name="ToVerifyProductIsAddedToCartTest" time="1.145">
    <skipped/>
  </testcase> <!-- ToVerifyProductIsAddedToCartTest -->
  <testcase classname="com.qa.nobero.cartTest.cartTest" name="ToVerifyProductIsAddedToCartTest" time="1.151">
    <failure type="org.openqa.selenium.ElementClickInterceptedException" message="element click intercepted: Element &amp;lt;svg width=&amp;quot;18&amp;quot; height=&amp;quot;16&amp;quot; viewBox=&amp;quot;0 0 18 16&amp;quot; fill=&amp;quot;none&amp;quot; xmlns=&amp;quot;http://www.w3.org/2000/svg&amp;quot;&amp;gt;...&amp;lt;/svg&amp;gt; is not clickable at point (28, 59). Other element would receive the click: &amp;lt;div id=&amp;quot;filter-dropdown-bg&amp;quot; class=&amp;quot;z-50 fixed left-0 top-0 h-screen w-screen bg-[#141A38]/50 invisible&amp;quot; style=&amp;quot;visibility: visible;&amp;quot;&amp;gt;&amp;lt;/div&amp;gt;
  (Session info: chrome=112.0.5615.101)
Build info: version: &amp;apos;4.8.1&amp;apos;, revision: &amp;apos;8ebccac989&amp;apos;
System info: os.name: &amp;apos;Windows 10&amp;apos;, os.arch: &amp;apos;amd64&amp;apos;, os.version: &amp;apos;10.0&amp;apos;, java.version: &amp;apos;17.0.6&amp;apos;
Driver info: io.appium.java_client.android.AndroidDriver
Command: [669f2ac3-6636-4234-923a-afc9f1169268, clickElement {id=c10a0772-73fd-4e34-a027-ac0fcc63ec4d}]
Capabilities {appium:appActivity: com.google.android.apps.chr..., appium:appPackage: com.android.chrome, appium:automationName: uiautomator2, appium:chromedriverExecutable: C:\Users\Praveen B\Download..., appium:chromedriverExecutableDir: null/driver/.exe, appium:databaseEnabled: false, appium:desired: {automationName: uiautomator2, browserName: chrome, chromedriverExecutable: C:\Users\Praveen B\Download..., chromedriverExecutableDir: null/driver/.exe, deviceName: &amp;quot;Redmi Note 12&amp;quot;, platformName: android, platformVersion: 12, udid: 509ead11022}, appium:deviceApiLevel: 31, appium:deviceManufacturer: Xiaomi, appium:deviceModel: 22111317I, appium:deviceName: 509ead11022, appium:deviceScreenDensity: 440, appium:deviceScreenSize: 1080x2400, appium:deviceUDID: 509ead11022, appium:javascriptEnabled: true, appium:locationContextEnabled: false, appium:networkConnectionEnabled: true, appium:pixelRatio: 2.75, appium:platformVersion: 12, appium:statBarHeight: 94, appium:takesScreenshot: true, appium:udid: 509ead11022, appium:viewportRect: {height: 2168, left: 0, top: 94, width: 1080}, appium:warnings: {}, appium:webStorageEnabled: false, browserName: chrome, platformName: ANDROID}
Element: [[AndroidDriver: chrome on ANDROID (669f2ac3-6636-4234-923a-afc9f1169268)] -&amp;gt; xpath: //*[local-name()=&amp;apos;svg&amp;apos; and @viewBox=&amp;apos;0 0 18 16&amp;apos;]]
Session ID: 669f2ac3-6636-4234-923a-afc9f1169268">
      <![CDATA[org.openqa.selenium.ElementClickInterceptedException: element click intercepted: Element <svg width="18" height="16" viewBox="0 0 18 16" fill="none" xmlns="http://www.w3.org/2000/svg">...</svg> is not clickable at point (28, 59). Other element would receive the click: <div id="filter-dropdown-bg" class="z-50 fixed left-0 top-0 h-screen w-screen bg-[#141A38]/50 invisible" style="visibility: visible;"></div>
  (Session info: chrome=112.0.5615.101)
Build info: version: '4.8.1', revision: '8ebccac989'
System info: os.name: 'Windows 10', os.arch: 'amd64', os.version: '10.0', java.version: '17.0.6'
Driver info: io.appium.java_client.android.AndroidDriver
Command: [669f2ac3-6636-4234-923a-afc9f1169268, clickElement {id=c10a0772-73fd-4e34-a027-ac0fcc63ec4d}]
Capabilities {appium:appActivity: com.google.android.apps.chr..., appium:appPackage: com.android.chrome, appium:automationName: uiautomator2, appium:chromedriverExecutable: C:\Users\Praveen B\Download..., appium:chromedriverExecutableDir: null/driver/.exe, appium:databaseEnabled: false, appium:desired: {automationName: uiautomator2, browserName: chrome, chromedriverExecutable: C:\Users\Praveen B\Download..., chromedriverExecutableDir: null/driver/.exe, deviceName: "Redmi Note 12", platformName: android, platformVersion: 12, udid: 509ead11022}, appium:deviceApiLevel: 31, appium:deviceManufacturer: Xiaomi, appium:deviceModel: 22111317I, appium:deviceName: 509ead11022, appium:deviceScreenDensity: 440, appium:deviceScreenSize: 1080x2400, appium:deviceUDID: 509ead11022, appium:javascriptEnabled: true, appium:locationContextEnabled: false, appium:networkConnectionEnabled: true, appium:pixelRatio: 2.75, appium:platformVersion: 12, appium:statBarHeight: 94, appium:takesScreenshot: true, appium:udid: 509ead11022, appium:viewportRect: {height: 2168, left: 0, top: 94, width: 1080}, appium:warnings: {}, appium:webStorageEnabled: false, browserName: chrome, platformName: ANDROID}
Element: [[AndroidDriver: chrome on ANDROID (669f2ac3-6636-4234-923a-afc9f1169268)] -> xpath: //*[local-name()='svg' and @viewBox='0 0 18 16']]
Session ID: 669f2ac3-6636-4234-923a-afc9f1169268
at org.openqa.selenium.remote.codec.w3c.W3CHttpResponseCodec.createException(W3CHttpResponseCodec.java:200)
at org.openqa.selenium.remote.codec.w3c.W3CHttpResponseCodec.decode(W3CHttpResponseCodec.java:133)
at org.openqa.selenium.remote.codec.w3c.W3CHttpResponseCodec.decode(W3CHttpResponseCodec.java:53)
at org.openqa.selenium.remote.HttpCommandExecutor.execute(HttpCommandExecutor.java:184)
at io.appium.java_client.remote.AppiumCommandExecutor.execute(AppiumCommandExecutor.java:262)
at org.openqa.selenium.remote.RemoteWebDriver.execute(RemoteWebDriver.java:543)
at org.openqa.selenium.remote.RemoteWebElement.execute(RemoteWebElement.java:257)
at org.openqa.selenium.remote.RemoteWebElement.click(RemoteWebElement.java:78)
at org.openqa.selenium.support.pagefactory.internal.LocatingElementHandler.invoke(LocatingElementHandler.java:52)
at jdk.proxy2/jdk.proxy2.$Proxy19.click(Unknown Source)
at com.qa.nobero.cartTest.cartTest.ToVerifyProductIsAddedToCartTest(cartTest.java:18)
at java.base/java.util.ArrayList.forEach(ArrayList.java:1511)
... Removed 36 stack frames]]>
    </failure>
  </testcase> <!-- ToVerifyProductIsAddedToCartTest -->
</testsuite> <!-- Testng -->
