<?xml version="1.0" encoding="UTF-8"?>
<!-- Generated by org.testng.reporters.JUnitXMLReporter -->
<testsuite ignored="0" hostname="TYSS-Praveen" failures="1" tests="1" name="Testng" time="24.776" errors="0" timestamp="2023-04-12T23:42:59 IST">
  <testcase classname="com.qa.nobero.cartTest.cartTest" name="ToVerifyProductIsAddedToCartTest" time="6.202">
    <failure type="org.openqa.selenium.ElementClickInterceptedException" message="element click intercepted: Element is not clickable at point (295, 967)
  (Session info: chrome=112.0.5615.48)
Build info: version: &amp;apos;4.8.3&amp;apos;, revision: &amp;apos;e5e76298c3&amp;apos;
System info: os.name: &amp;apos;Windows 10&amp;apos;, os.arch: &amp;apos;amd64&amp;apos;, os.version: &amp;apos;10.0&amp;apos;, java.version: &amp;apos;17.0.6&amp;apos;
Driver info: io.appium.java_client.android.AndroidDriver
Command: [16002a0a-969a-42ad-96e9-da824dfcd117, clickElement {id=d951201b-14b1-4108-893e-d816a8d23d5f}]
Capabilities {appium:appActivity: com.google.android.apps.chr..., appium:appPackage: com.android.chrome, appium:automationName: uiautomator2, appium:databaseEnabled: false, appium:desired: {automationName: uiautomator2, browserName: chrome, deviceName: Redmi K50i, platformName: android, platformVersion: 12, udid: VC5T9P89PNL7D6CA}, appium:deviceApiLevel: 31, appium:deviceManufacturer: Xiaomi, appium:deviceModel: 22041216I, appium:deviceName: VC5T9P89PNL7D6CA, appium:deviceScreenDensity: 440, appium:deviceScreenSize: 1080x2460, appium:deviceUDID: VC5T9P89PNL7D6CA, appium:javascriptEnabled: true, appium:locationContextEnabled: false, appium:networkConnectionEnabled: true, appium:pixelRatio: 2.75, appium:platformVersion: 12, appium:statBarHeight: 100, appium:takesScreenshot: true, appium:udid: VC5T9P89PNL7D6CA, appium:viewportRect: {height: 2216, left: 0, top: 100, width: 1080}, appium:warnings: {}, appium:webStorageEnabled: false, browserName: chrome, platformName: ANDROID}
Element: [[AndroidDriver: chrome on ANDROID (16002a0a-969a-42ad-96e9-da824dfcd117)] -&amp;gt; xpath: //input[@id=&amp;apos;filter-submit&amp;apos;]]
Session ID: 16002a0a-969a-42ad-96e9-da824dfcd117">
      <![CDATA[org.openqa.selenium.ElementClickInterceptedException: element click intercepted: Element is not clickable at point (295, 967)
  (Session info: chrome=112.0.5615.48)
Build info: version: '4.8.3', revision: 'e5e76298c3'
System info: os.name: 'Windows 10', os.arch: 'amd64', os.version: '10.0', java.version: '17.0.6'
Driver info: io.appium.java_client.android.AndroidDriver
Command: [16002a0a-969a-42ad-96e9-da824dfcd117, clickElement {id=d951201b-14b1-4108-893e-d816a8d23d5f}]
Capabilities {appium:appActivity: com.google.android.apps.chr..., appium:appPackage: com.android.chrome, appium:automationName: uiautomator2, appium:databaseEnabled: false, appium:desired: {automationName: uiautomator2, browserName: chrome, deviceName: Redmi K50i, platformName: android, platformVersion: 12, udid: VC5T9P89PNL7D6CA}, appium:deviceApiLevel: 31, appium:deviceManufacturer: Xiaomi, appium:deviceModel: 22041216I, appium:deviceName: VC5T9P89PNL7D6CA, appium:deviceScreenDensity: 440, appium:deviceScreenSize: 1080x2460, appium:deviceUDID: VC5T9P89PNL7D6CA, appium:javascriptEnabled: true, appium:locationContextEnabled: false, appium:networkConnectionEnabled: true, appium:pixelRatio: 2.75, appium:platformVersion: 12, appium:statBarHeight: 100, appium:takesScreenshot: true, appium:udid: VC5T9P89PNL7D6CA, appium:viewportRect: {height: 2216, left: 0, top: 100, width: 1080}, appium:warnings: {}, appium:webStorageEnabled: false, browserName: chrome, platformName: ANDROID}
Element: [[AndroidDriver: chrome on ANDROID (16002a0a-969a-42ad-96e9-da824dfcd117)] -> xpath: //input[@id='filter-submit']]
Session ID: 16002a0a-969a-42ad-96e9-da824dfcd117
at org.openqa.selenium.remote.codec.w3c.W3CHttpResponseCodec.createException(W3CHttpResponseCodec.java:200)
at org.openqa.selenium.remote.codec.w3c.W3CHttpResponseCodec.decode(W3CHttpResponseCodec.java:133)
at org.openqa.selenium.remote.codec.w3c.W3CHttpResponseCodec.decode(W3CHttpResponseCodec.java:53)
at org.openqa.selenium.remote.HttpCommandExecutor.execute(HttpCommandExecutor.java:193)
at io.appium.java_client.remote.AppiumCommandExecutor.execute(AppiumCommandExecutor.java:262)
at org.openqa.selenium.remote.RemoteWebDriver.execute(RemoteWebDriver.java:543)
at org.openqa.selenium.remote.RemoteWebElement.execute(RemoteWebElement.java:257)
at org.openqa.selenium.remote.RemoteWebElement.click(RemoteWebElement.java:78)
at org.openqa.selenium.support.pagefactory.internal.LocatingElementHandler.invoke(LocatingElementHandler.java:52)
at jdk.proxy2/jdk.proxy2.$Proxy17.click(Unknown Source)
at com.qa.nobero.cartTest.cartTest.ToVerifyProductIsAddedToCartTest(cartTest.java:35)
at java.base/java.util.ArrayList.forEach(ArrayList.java:1511)
... Removed 36 stack frames]]>
    </failure>
  </testcase> <!-- ToVerifyProductIsAddedToCartTest -->
</testsuite> <!-- Testng -->
