<?xml version="1.0" encoding="UTF-8"?>
<!-- Generated by org.testng.reporters.JUnitXMLReporter -->
<testsuite ignored="1" hostname="TYSS-Praveen" failures="1" tests="1" name="Test" time="0.053" errors="0" timestamp="2023-04-29T23:15:13 IST">
  <testcase classname="com.qa.nobero.genericutility.BaseClass" name="@AfterTest afterTestConfig" time="0.0">
    <failure type="java.lang.NullPointerException" message="Cannot invoke &amp;quot;io.appium.java_client.android.AndroidDriver.get(String)&amp;quot; because &amp;quot;this.driver&amp;quot; is null">
      <![CDATA[java.lang.NullPointerException: Cannot invoke "io.appium.java_client.android.AndroidDriver.get(String)" because "this.driver" is null
at com.qa.nobero.genericutility.BaseClass.afterTestConfig(BaseClass.java:96)
... Removed 24 stack frames]]>
    </failure>
  </testcase> <!-- @AfterTest afterTestConfig -->
  <testcase classname="com.qa.nobero.junk.launchURLTest" name="fetchVariantID" time="0.014">
    <failure type="java.lang.NullPointerException" message="Cannot invoke &amp;quot;io.appium.java_client.android.AndroidDriver.manage()&amp;quot; because &amp;quot;this.driver&amp;quot; is null">
      <![CDATA[java.lang.NullPointerException: Cannot invoke "io.appium.java_client.android.AndroidDriver.manage()" because "this.driver" is null
at com.qa.nobero.junk.launchURLTest.fetchVariantID(launchURLTest.java:99)
at java.base/java.util.ArrayList.forEach(ArrayList.java:1511)
... Removed 27 stack frames]]>
    </failure>
  </testcase> <!-- fetchVariantID -->
  <testcase classname="com.qa.nobero.junk.launchURLTest" name="launchBrowser" time="0.0">
    <ignored/>
  </testcase> <!-- launchBrowser -->
</testsuite> <!-- Test -->
