<?xml version="1.0" encoding="UTF-8"?>
<!-- Generated by org.testng.reporters.JUnitXMLReporter -->
<testsuite ignored="3" hostname="TYSS-Praveen" failures="0" tests="0" name="Testng" time="29.738" errors="0" timestamp="09 May 2023 06:32:23 GMT">
  <testcase classname="com.qa.nobero.genericutility.BaseClass" name="@BeforeTest launchBrowser" time="29.505">
    <failure type="org.openqa.selenium.NoSuchSessionException" message="The session identified by d8553b75-c9c6-4ebf-a0da-04136b4d18a1 is not known
Build info: version: &amp;apos;4.8.1&amp;apos;, revision: &amp;apos;8ebccac989&amp;apos;
System info: os.name: &amp;apos;Windows 11&amp;apos;, os.arch: &amp;apos;amd64&amp;apos;, os.version: &amp;apos;10.0&amp;apos;, java.version: &amp;apos;17.0.6&amp;apos;
Driver info: io.appium.java_client.android.AndroidDriver
Command: [f74433e4-c168-4a2b-a5b7-d80273309b19, findElement {using=xpath, value=.//android.widget.Button[@text=&amp;apos;Block&amp;apos;]}]
Capabilities {appium:appActivity: com.google.android.apps.chr..., appium:appPackage: com.android.chrome, appium:automationName: uiautomator2, appium:chromedriverExecutable: C:\Users\Praveen B\Desktop\..., appium:databaseEnabled: false, appium:desired: {automationName: uiautomator2, browserName: chrome, chromedriverExecutable: C:\Users\Praveen B\Desktop\..., deviceName: &amp;quot;Redmi Note 12&amp;quot;, platformName: android, platformVersion: 12, udid: 509ead11022}, appium:deviceApiLevel: 31, appium:deviceManufacturer: Xiaomi, appium:deviceModel: 22111317I, appium:deviceName: 509ead11022, appium:deviceScreenDensity: 440, appium:deviceScreenSize: 1080x2400, appium:deviceUDID: 509ead11022, appium:javascriptEnabled: true, appium:locationContextEnabled: false, appium:networkConnectionEnabled: true, appium:pixelRatio: 2.75, appium:platformVersion: 12, appium:statBarHeight: 94, appium:takesScreenshot: true, appium:udid: 509ead11022, appium:viewportRect: {height: 2168, left: 0, top: 94, width: 1080}, appium:warnings: {}, appium:webStorageEnabled: false, browserName: chrome, platformName: ANDROID}
Session ID: f74433e4-c168-4a2b-a5b7-d80273309b19">
      <![CDATA[org.openqa.selenium.NoSuchSessionException: The session identified by d8553b75-c9c6-4ebf-a0da-04136b4d18a1 is not known
Build info: version: '4.8.1', revision: '8ebccac989'
System info: os.name: 'Windows 11', os.arch: 'amd64', os.version: '10.0', java.version: '17.0.6'
Driver info: io.appium.java_client.android.AndroidDriver
Command: [f74433e4-c168-4a2b-a5b7-d80273309b19, findElement {using=xpath, value=.//android.widget.Button[@text='Block']}]
Capabilities {appium:appActivity: com.google.android.apps.chr..., appium:appPackage: com.android.chrome, appium:automationName: uiautomator2, appium:chromedriverExecutable: C:\Users\Praveen B\Desktop\..., appium:databaseEnabled: false, appium:desired: {automationName: uiautomator2, browserName: chrome, chromedriverExecutable: C:\Users\Praveen B\Desktop\..., deviceName: "Redmi Note 12", platformName: android, platformVersion: 12, udid: 509ead11022}, appium:deviceApiLevel: 31, appium:deviceManufacturer: Xiaomi, appium:deviceModel: 22111317I, appium:deviceName: 509ead11022, appium:deviceScreenDensity: 440, appium:deviceScreenSize: 1080x2400, appium:deviceUDID: 509ead11022, appium:javascriptEnabled: true, appium:locationContextEnabled: false, appium:networkConnectionEnabled: true, appium:pixelRatio: 2.75, appium:platformVersion: 12, appium:statBarHeight: 94, appium:takesScreenshot: true, appium:udid: 509ead11022, appium:viewportRect: {height: 2168, left: 0, top: 94, width: 1080}, appium:warnings: {}, appium:webStorageEnabled: false, browserName: chrome, platformName: ANDROID}
Session ID: f74433e4-c168-4a2b-a5b7-d80273309b19
at org.openqa.selenium.remote.codec.w3c.W3CHttpResponseCodec.createException(W3CHttpResponseCodec.java:200)
at org.openqa.selenium.remote.codec.w3c.W3CHttpResponseCodec.decode(W3CHttpResponseCodec.java:133)
at org.openqa.selenium.remote.codec.w3c.W3CHttpResponseCodec.decode(W3CHttpResponseCodec.java:53)
at org.openqa.selenium.remote.HttpCommandExecutor.execute(HttpCommandExecutor.java:184)
at io.appium.java_client.remote.AppiumCommandExecutor.execute(AppiumCommandExecutor.java:262)
at org.openqa.selenium.remote.RemoteWebDriver.execute(RemoteWebDriver.java:543)
at org.openqa.selenium.remote.ElementLocation$ElementFinder$2.findElement(ElementLocation.java:162)
at org.openqa.selenium.remote.ElementLocation.findElement(ElementLocation.java:60)
at org.openqa.selenium.remote.RemoteWebDriver.findElement(RemoteWebDriver.java:352)
at org.openqa.selenium.remote.RemoteWebDriver.findElement(RemoteWebDriver.java:344)
at com.qa.nobero.genericutility.BaseClass.launchBrowser(BaseClass.java:88)
... Removed 29 stack frames]]>
    </failure>
  </testcase> <!-- @BeforeTest launchBrowser -->
  <testcase classname="com.qa.nobero.genericutility.BaseClass" name="@AfterTest afterTestConfig" time="0.0">
    <skipped/>
  </testcase> <!-- @AfterTest afterTestConfig -->
  <testcase classname="com.qa.nobero.cartTest.cartTest" name="ToVerifyProductIsAddedToCartTest" time="0.0">
    <ignored/>
  </testcase> <!-- ToVerifyProductIsAddedToCartTest -->
  <testcase classname="com.qa.nobero.cartTest.cartTest" name="ToVerifyApplyFilterforPriceTest" time="0.0">
    <ignored/>
  </testcase> <!-- ToVerifyApplyFilterforPriceTest -->
  <testcase classname="com.qa.nobero.cartTest.cartTest" name="ToVerifyProductIsAddedToCartAfterSearchTest" time="0.0">
    <ignored/>
  </testcase> <!-- ToVerifyProductIsAddedToCartAfterSearchTest -->
</testsuite> <!-- Testng -->
