<?xml version="1.0" encoding="UTF-8"?>
<!-- Generated by org.testng.reporters.JUnitXMLReporter -->
<testsuite ignored="2" hostname="TYSS-Praveen" failures="0" tests="2" name="Test" time="0.062" errors="0" timestamp="09 May 2023 07:36:59 GMT">
  <testcase classname="com.qa.nobero.genericutility.BaseClass" name="@AfterMethod afterMethodConfig" time="0.0">
    <failure type="java.lang.NullPointerException" message="Cannot invoke &amp;quot;io.appium.java_client.android.AndroidDriver.get(String)&amp;quot; because &amp;quot;com.qa.nobero.genericutility.BaseClass.driver&amp;quot; is null">
      <![CDATA[java.lang.NullPointerException: Cannot invoke "io.appium.java_client.android.AndroidDriver.get(String)" because "com.qa.nobero.genericutility.BaseClass.driver" is null
at com.qa.nobero.genericutility.BaseClass.afterMethodConfig(BaseClass.java:99)
... Removed 28 stack frames]]>
    </failure>
  </testcase> <!-- @AfterMethod afterMethodConfig -->
  <testcase classname="com.qa.nobero.genericutility.BaseClass" name="@AfterMethod afterMethodConfig" time="0.0">
    <skipped/>
  </testcase> <!-- @AfterMethod afterMethodConfig -->
  <testcase classname="com.qa.nobero.genericutility.BaseClass" name="@AfterTest afterTestConfig" time="0.001">
    <failure type="java.lang.NullPointerException" message="Cannot invoke &amp;quot;io.appium.java_client.android.AndroidDriver.quit()&amp;quot; because &amp;quot;com.qa.nobero.genericutility.BaseClass.driver&amp;quot; is null">
      <![CDATA[java.lang.NullPointerException: Cannot invoke "io.appium.java_client.android.AndroidDriver.quit()" because "com.qa.nobero.genericutility.BaseClass.driver" is null
at com.qa.nobero.genericutility.BaseClass.afterTestConfig(BaseClass.java:104)
... Removed 24 stack frames]]>
    </failure>
  </testcase> <!-- @AfterTest afterTestConfig -->
  <testcase classname="com.qa.nobero.junk.launchURLTest" name="ToVerifyApplyFilterforPrice₹1000to₹1500Test" time="0.036">
    <skipped/>
  </testcase> <!-- ToVerifyApplyFilterforPrice₹1000to₹1500Test -->
  <testcase classname="com.qa.nobero.junk.launchURLTest" name="ToVerifyApplyFilterforPrice₹1000to₹1500Test" time="0.0">
    <skipped/>
  </testcase> <!-- ToVerifyApplyFilterforPrice₹1000to₹1500Test -->
  <testcase classname="com.qa.nobero.junk.launchURLTest" name="launchBrowser" time="0.0">
    <ignored/>
  </testcase> <!-- launchBrowser -->
  <testcase classname="com.qa.nobero.junk.launchURLTest" name="fetchVariantID" time="0.0">
    <ignored/>
  </testcase> <!-- fetchVariantID -->
</testsuite> <!-- Test -->
