<?xml version="1.0" encoding="UTF-8"?>
<testng-results ignored="15" total="16" passed="1" failed="0" skipped="0">
  <reporter-output>
  </reporter-output>
  <suite started-at="2023-05-10T15:54:10Z" name="Default suite" finished-at="2023-05-10T15:54:43Z" duration-ms="32619">
    <groups>
    </groups>
    <test started-at="2023-05-10T15:54:10Z" name="Default test" finished-at="2023-05-10T15:54:43Z" duration-ms="32619">
      <class name="com.qa.nobero.cartTest.cartTest">
        <test-method is-config="true" signature="startserver()[pri:0, instance:com.qa.nobero.cartTest.cartTest@76a2ddf3]" started-at="2023-05-10T15:54:04Z" name="startserver" finished-at="2023-05-10T15:54:10Z" duration-ms="6161" status="PASS">
          <reporter-output>
          </reporter-output>
        </test-method> <!-- startserver -->
        <test-method is-config="true" signature="launchBrowser()[pri:0, instance:com.qa.nobero.cartTest.cartTest@76a2ddf3]" started-at="2023-05-10T15:54:10Z" name="launchBrowser" finished-at="2023-05-10T15:54:22Z" duration-ms="12262" status="PASS">
          <reporter-output>
          </reporter-output>
        </test-method> <!-- launchBrowser -->
        <test-method signature="ToVerifyThatProductRemoveFeatureIsEnabledInCartPage()[pri:0, instance:com.qa.nobero.cartTest.cartTest@76a2ddf3]" started-at="2023-05-10T15:54:22Z" name="ToVerifyThatProductRemoveFeatureIsEnabledInCartPage" finished-at="2023-05-10T15:54:43Z" duration-ms="20138" status="PASS">
          <reporter-output>
          </reporter-output>
        </test-method> <!-- ToVerifyThatProductRemoveFeatureIsEnabledInCartPage -->
        <test-method is-config="true" signature="afterMethodConfig()[pri:0, instance:com.qa.nobero.cartTest.cartTest@76a2ddf3]" started-at="2023-05-10T15:54:43Z" name="afterMethodConfig" finished-at="2023-05-10T15:54:43Z" duration-ms="0" status="PASS">
          <reporter-output>
          </reporter-output>
        </test-method> <!-- afterMethodConfig -->
        <test-method is-config="true" signature="afterTestConfig()[pri:0, instance:com.qa.nobero.cartTest.cartTest@76a2ddf3]" started-at="2023-05-10T15:54:43Z" name="afterTestConfig" finished-at="2023-05-10T15:54:43Z" duration-ms="0" status="PASS">
          <reporter-output>
          </reporter-output>
        </test-method> <!-- afterTestConfig -->
        <test-method is-config="true" signature="stopServer()[pri:0, instance:com.qa.nobero.cartTest.cartTest@76a2ddf3]" started-at="2023-05-10T15:54:43Z" name="stopServer" finished-at="2023-05-10T15:54:43Z" duration-ms="53" status="PASS">
          <reporter-output>
          </reporter-output>
        </test-method> <!-- stopServer -->
      </class> <!-- com.qa.nobero.cartTest.cartTest -->
    </test> <!-- Default test -->
  </suite> <!-- Default suite -->
</testng-results>
